<?xml version="1.0" encoding="UTF-8"?>
<testsuite name="com.example.webhook.WebhookApplicationTests" tests="1" skipped="0" failures="0" errors="0" timestamp="2023-05-21T18:58:04" hostname="PRASANNAs-MBP.lan" time="0.286">
  <properties/>
  <testcase name="contextLoads()" classname="com.example.webhook.WebhookApplicationTests" time="0.286"/>
  <system-out><![CDATA[13:57:59.605 [Test worker] DEBUG org.springframework.test.context.BootstrapUtils - Instantiating CacheAwareContextLoaderDelegate from class [org.springframework.test.context.cache.DefaultCacheAwareContextLoaderDelegate]
13:57:59.616 [Test worker] DEBUG org.springframework.test.context.BootstrapUtils - Instantiating BootstrapContext using constructor [public org.springframework.test.context.support.DefaultBootstrapContext(java.lang.Class,org.springframework.test.context.CacheAwareContextLoaderDelegate)]
13:57:59.700 [Test worker] DEBUG org.springframework.test.context.BootstrapUtils - Instantiating TestContextBootstrapper for test class [com.example.webhook.WebhookApplicationTests] from class [org.springframework.boot.test.context.SpringBootTestContextBootstrapper]
13:57:59.720 [Test worker] INFO org.springframework.boot.test.context.SpringBootTestContextBootstrapper - Neither @ContextConfiguration nor @ContextHierarchy found for test class [com.example.webhook.WebhookApplicationTests], using SpringBootContextLoader
13:57:59.725 [Test worker] DEBUG org.springframework.test.context.support.AbstractContextLoader - Did not detect default resource location for test class [com.example.webhook.WebhookApplicationTests]: class path resource [com/example/webhook/WebhookApplicationTests-context.xml] does not exist
13:57:59.725 [Test worker] DEBUG org.springframework.test.context.support.AbstractContextLoader - Did not detect default resource location for test class [com.example.webhook.WebhookApplicationTests]: class path resource [com/example/webhook/WebhookApplicationTestsContext.groovy] does not exist
13:57:59.725 [Test worker] INFO org.springframework.test.context.support.AbstractContextLoader - Could not detect default resource locations for test class [com.example.webhook.WebhookApplicationTests]: no resource found for suffixes {-context.xml, Context.groovy}.
13:57:59.726 [Test worker] INFO org.springframework.test.context.support.AnnotationConfigContextLoaderUtils - Could not detect default configuration classes for test class [com.example.webhook.WebhookApplicationTests]: WebhookApplicationTests does not declare any static, non-private, non-final, nested classes annotated with @Configuration.
13:57:59.779 [Test worker] DEBUG org.springframework.test.context.support.ActiveProfilesUtils - Could not find an 'annotation declaring class' for annotation type [org.springframework.test.context.ActiveProfiles] and class [com.example.webhook.WebhookApplicationTests]
13:57:59.863 [Test worker] DEBUG org.springframework.context.annotation.ClassPathScanningCandidateComponentProvider - Identified candidate component class: file [/Users/prasannadharmana/webhook-demo/build/classes/java/main/com/example/webhook/WebhookApplication.class]
13:57:59.921 [Test worker] INFO org.springframework.boot.test.context.SpringBootTestContextBootstrapper - Found @SpringBootConfiguration com.example.webhook.WebhookApplication for test class com.example.webhook.WebhookApplicationTests
13:58:00.009 [Test worker] DEBUG org.springframework.boot.test.context.SpringBootTestContextBootstrapper - @TestExecutionListeners is not present for class [com.example.webhook.WebhookApplicationTests]: using defaults.
13:58:00.010 [Test worker] INFO org.springframework.boot.test.context.SpringBootTestContextBootstrapper - Loaded default TestExecutionListener class names from location [META-INF/spring.factories]: [org.springframework.boot.test.autoconfigure.restdocs.RestDocsTestExecutionListener, org.springframework.boot.test.autoconfigure.web.client.MockRestServiceServerResetTestExecutionListener, org.springframework.boot.test.autoconfigure.web.servlet.MockMvcPrintOnlyOnFailureTestExecutionListener, org.springframework.boot.test.autoconfigure.web.servlet.WebDriverTestExecutionListener, org.springframework.boot.test.autoconfigure.webservices.client.MockWebServiceServerTestExecutionListener, org.springframework.boot.test.mock.mockito.MockitoTestExecutionListener, org.springframework.boot.test.mock.mockito.ResetMocksTestExecutionListener, org.springframework.test.context.web.ServletTestExecutionListener, org.springframework.test.context.support.DirtiesContextBeforeModesTestExecutionListener, org.springframework.test.context.event.ApplicationEventsTestExecutionListener, org.springframework.test.context.support.DependencyInjectionTestExecutionListener, org.springframework.test.context.support.DirtiesContextTestExecutionListener, org.springframework.test.context.transaction.TransactionalTestExecutionListener, org.springframework.test.context.jdbc.SqlScriptsTestExecutionListener, org.springframework.test.context.event.EventPublishingTestExecutionListener]
13:58:00.023 [Test worker] DEBUG org.springframework.boot.test.context.SpringBootTestContextBootstrapper - Skipping candidate TestExecutionListener [org.springframework.test.context.transaction.TransactionalTestExecutionListener] due to a missing dependency. Specify custom listener classes or make the default listener classes and their required dependencies available. Offending class: [org/springframework/transaction/interceptor/TransactionAttributeSource]
13:58:00.024 [Test worker] DEBUG org.springframework.boot.test.context.SpringBootTestContextBootstrapper - Skipping candidate TestExecutionListener [org.springframework.test.context.jdbc.SqlScriptsTestExecutionListener] due to a missing dependency. Specify custom listener classes or make the default listener classes and their required dependencies available. Offending class: [org/springframework/transaction/interceptor/TransactionAttribute]
13:58:00.024 [Test worker] INFO org.springframework.boot.test.context.SpringBootTestContextBootstrapper - Using TestExecutionListeners: [org.springframework.test.context.web.ServletTestExecutionListener@499b2a5c, org.springframework.test.context.support.DirtiesContextBeforeModesTestExecutionListener@596df867, org.springframework.test.context.event.ApplicationEventsTestExecutionListener@c1fca1e, org.springframework.boot.test.mock.mockito.MockitoTestExecutionListener@241a53ef, org.springframework.boot.test.autoconfigure.SpringBootDependencyInjectionTestExecutionListener@344344fa, org.springframework.test.context.support.DirtiesContextTestExecutionListener@2db2cd5, org.springframework.test.context.event.EventPublishingTestExecutionListener@70e659aa, org.springframework.boot.test.autoconfigure.restdocs.RestDocsTestExecutionListener@615f972, org.springframework.boot.test.autoconfigure.web.client.MockRestServiceServerResetTestExecutionListener@285f09de, org.springframework.boot.test.autoconfigure.web.servlet.MockMvcPrintOnlyOnFailureTestExecutionListener@73393584, org.springframework.boot.test.autoconfigure.web.servlet.WebDriverTestExecutionListener@31500940, org.springframework.boot.test.autoconfigure.webservices.client.MockWebServiceServerTestExecutionListener@1827a871, org.springframework.boot.test.mock.mockito.ResetMocksTestExecutionListener@48e64352]
13:58:00.026 [Test worker] DEBUG org.springframework.test.context.support.AbstractDirtiesContextTestExecutionListener - Before test class: context [DefaultTestContext@1734f68 testClass = WebhookApplicationTests, testInstance = [null], testMethod = [null], testException = [null], mergedContextConfiguration = [WebMergedContextConfiguration@77b7ffa4 testClass = WebhookApplicationTests, locations = '{}', classes = '{class com.example.webhook.WebhookApplication}', contextInitializerClasses = '[]', activeProfiles = '{}', propertySourceLocations = '{}', propertySourceProperties = '{org.springframework.boot.test.context.SpringBootTestContextBootstrapper=true}', contextCustomizers = set[org.springframework.boot.test.autoconfigure.actuate.metrics.MetricsExportContextCustomizerFactory$DisableMetricExportContextCustomizer@48a12036, org.springframework.boot.test.autoconfigure.properties.PropertyMappingContextCustomizer@0, org.springframework.boot.test.autoconfigure.web.servlet.WebDriverContextCustomizerFactory$Customizer@3c989952, org.springframework.boot.test.context.filter.ExcludeFilterContextCustomizer@793138bd, org.springframework.boot.test.json.DuplicateJsonObjectContextCustomizerFactory$DuplicateJsonObjectContextCustomizer@33aeca0b, org.springframework.boot.test.mock.mockito.MockitoContextCustomizer@0, org.springframework.boot.test.web.client.TestRestTemplateContextCustomizer@3381b4fc, org.springframework.boot.test.context.SpringBootTestArgs@1, org.springframework.boot.test.context.SpringBootTestWebEnvironment@24959ca4], resourceBasePath = 'src/main/webapp', contextLoader = 'org.springframework.boot.test.context.SpringBootContextLoader', parent = [null]], attributes = map['org.springframework.test.context.web.ServletTestExecutionListener.activateListener' -> true]], class annotated with @DirtiesContext [false] with mode [null].
13:58:00.119 [Test worker] DEBUG org.springframework.test.context.support.TestPropertySourceUtils - Adding inlined properties to environment: {spring.jmx.enabled=false, org.springframework.boot.test.context.SpringBootTestContextBootstrapper=true}

  .   ____          _            __ _ _
 /\\ / ___'_ __ _ _(_)_ __  __ _ \ \ \ \
( ( )\___ | '_ | '_| | '_ \/ _` | \ \ \ \
 \\/  ___)| |_)| | | | | || (_| |  ) ) ) )
  '  |____| .__|_| |_|_| |_\__, | / / / /
 =========|_|==============|___/=/_/_/_/
 :: Spring Boot ::                (v2.4.4)

2023-05-21 13:58:00.552  INFO 15610 --- [    Test worker] c.e.webhook.WebhookApplicationTests      : Starting WebhookApplicationTests using Java 11.0.14.1 on PRASANNAs-MBP.lan with PID 15610 (started by prasannadharmana in /Users/prasannadharmana/webhook-demo)
2023-05-21 13:58:00.565  INFO 15610 --- [    Test worker] c.e.webhook.WebhookApplicationTests      : No active profile set, falling back to default profiles: default
2023-05-21 13:58:03.913  INFO 15610 --- [    Test worker] o.s.s.concurrent.ThreadPoolTaskExecutor  : Initializing ExecutorService 'applicationTaskExecutor'
2023-05-21 13:58:04.578  INFO 15610 --- [    Test worker] c.e.webhook.WebhookApplicationTests      : Started WebhookApplicationTests in 4.439 seconds (JVM running for 6.108)
]]></system-out>
  <system-err><![CDATA[]]></system-err>
</testsuite>
